2018-06-05 16:03:29,000  root   INFO  Run 127.0.0.19000 File:<FtpServer.py line 30>
2018-06-05 16:03:33,102  root   INFO  spf登录成功 File:<FtpServer.py line 37>
2018-06-05 16:03:33,102  root   INFO  spf登录成功 File:<FtpServer.py line 37>
2018-06-05 16:03:35,037  root   INFO  spf查看了家目录 File:<FtpServer.py line 75>
2018-06-05 16:03:35,037  root   INFO  spf查看了家目录 File:<FtpServer.py line 75>
2018-06-05 16:03:44,210  root   INFO  spf查看了家目录 File:<FtpServer.py line 75>
2018-06-05 16:03:44,210  root   INFO  spf查看了家目录 File:<FtpServer.py line 75>
2018-06-05 16:04:22,290  root   INFO  spf上传了help文件 File:<FtpServer.py line 130>
2018-06-05 16:04:22,290  root   INFO  spf上传了help文件 File:<FtpServer.py line 130>
2018-06-05 16:04:24,131  root   INFO  spf查看了家目录 File:<FtpServer.py line 75>
2018-06-05 16:04:24,131  root   INFO  spf查看了家目录 File:<FtpServer.py line 75>
2018-06-05 16:04:27,730  root   ERROR  [WinError 10054] 远程主机强迫关闭了一个现有的连接。 File:<FtpServer.py line 53>
2018-06-05 16:04:27,730  root   ERROR  [WinError 10054] 远程主机强迫关闭了一个现有的连接。 File:<FtpServer.py line 53>
2018-06-05 16:04:27,920  root   INFO  Run 127.0.0.19000 File:<FtpServer.py line 30>
2018-06-05 16:04:27,920  root   INFO  Run 127.0.0.19000 File:<FtpServer.py line 30>
2018-06-05 16:04:29,993  root   INFO  wxx登录成功 File:<FtpServer.py line 37>
2018-06-05 16:04:29,993  root   INFO  wxx登录成功 File:<FtpServer.py line 37>
2018-06-05 16:04:29,993  root   INFO  wxx登录成功 File:<FtpServer.py line 37>
2018-06-05 16:04:30,585  root   INFO  wxx查看了家目录 File:<FtpServer.py line 75>
2018-06-05 16:04:30,585  root   INFO  wxx查看了家目录 File:<FtpServer.py line 75>
2018-06-05 16:04:30,585  root   INFO  wxx查看了家目录 File:<FtpServer.py line 75>
2018-06-05 16:04:39,309  root   ERROR  [WinError 10054] 远程主机强迫关闭了一个现有的连接。 File:<FtpServer.py line 53>
2018-06-05 16:04:39,309  root   ERROR  [WinError 10054] 远程主机强迫关闭了一个现有的连接。 File:<FtpServer.py line 53>
2018-06-05 16:04:39,309  root   ERROR  [WinError 10054] 远程主机强迫关闭了一个现有的连接。 File:<FtpServer.py line 53>
2018-06-05 16:04:39,522  root   INFO  Run 127.0.0.19000 File:<FtpServer.py line 30>
2018-06-05 16:04:39,522  root   INFO  Run 127.0.0.19000 File:<FtpServer.py line 30>
2018-06-05 16:04:39,522  root   INFO  Run 127.0.0.19000 File:<FtpServer.py line 30>
2018-06-05 16:05:23,628  root   INFO  Run 127.0.0.1:9000 File:<FtpServer.py line 30>
2018-06-05 16:07:22,870  root   INFO  spf登录成功 File:<FtpServer.py line 37>
2018-06-05 16:07:22,870  root   INFO  spf登录成功 File:<FtpServer.py line 37>
2018-06-05 16:07:23,741  root   INFO  spf查看了家目录 File:<FtpServer.py line 75>
2018-06-05 16:07:23,741  root   INFO  spf查看了家目录 File:<FtpServer.py line 75>
2018-06-05 16:08:25,006  root   INFO  spf创建了test/test1/test2/test3目录 File:<FtpServer.py line 194>
2018-06-05 16:08:25,006  root   INFO  spf创建了test/test1/test2/test3目录 File:<FtpServer.py line 194>
2018-06-05 16:08:25,981  root   INFO  spf查看了家目录 File:<FtpServer.py line 75>
2018-06-05 16:08:25,981  root   INFO  spf查看了家目录 File:<FtpServer.py line 75>
2018-06-05 16:08:29,562  root   INFO  spf查看了家目录 File:<FtpServer.py line 75>
2018-06-05 16:08:29,562  root   INFO  spf查看了家目录 File:<FtpServer.py line 75>
2018-06-05 16:08:38,676  root   INFO  spf查看了家目录 File:<FtpServer.py line 75>
2018-06-05 16:08:38,676  root   INFO  spf查看了家目录 File:<FtpServer.py line 75>
2018-06-05 16:08:41,282  root   INFO  spf查看了家目录 File:<FtpServer.py line 75>
2018-06-05 16:08:41,282  root   INFO  spf查看了家目录 File:<FtpServer.py line 75>
2018-06-05 16:08:44,304  root   INFO  spf查看了家目录 File:<FtpServer.py line 75>
2018-06-05 16:08:44,304  root   INFO  spf查看了家目录 File:<FtpServer.py line 75>
2018-06-05 16:08:55,361  root   INFO  spf查看了家目录 File:<FtpServer.py line 75>
2018-06-05 16:08:55,361  root   INFO  spf查看了家目录 File:<FtpServer.py line 75>
2018-06-05 16:09:09,491  root   INFO  spf查看了家目录 File:<FtpServer.py line 75>
2018-06-05 16:09:09,491  root   INFO  spf查看了家目录 File:<FtpServer.py line 75>
2018-06-05 16:09:15,266  root   INFO  spf上传了help文件 File:<FtpServer.py line 130>
2018-06-05 16:09:15,266  root   INFO  spf上传了help文件 File:<FtpServer.py line 130>
2018-06-05 16:09:16,508  root   INFO  spf查看了家目录 File:<FtpServer.py line 75>
2018-06-05 16:09:16,508  root   INFO  spf查看了家目录 File:<FtpServer.py line 75>
2018-06-05 16:09:32,084  root   INFO  spf下载了help文件 File:<FtpServer.py line 101>
2018-06-05 16:09:32,084  root   INFO  spf下载了help文件 File:<FtpServer.py line 101>
2018-06-05 16:09:33,295  root   INFO  spf查看了家目录 File:<FtpServer.py line 75>
2018-06-05 16:09:33,295  root   INFO  spf查看了家目录 File:<FtpServer.py line 75>
2018-06-05 16:10:15,798  root   ERROR  [WinError 10038] 在一个非套接字上尝试了一个操作。 File:<FtpServer.py line 53>
2018-06-05 16:10:15,798  root   ERROR  [WinError 10038] 在一个非套接字上尝试了一个操作。 File:<FtpServer.py line 53>
2018-06-05 16:10:17,666  root   INFO  Run 127.0.0.1:9000 File:<FtpServer.py line 30>
2018-06-05 16:10:17,666  root   INFO  Run 127.0.0.1:9000 File:<FtpServer.py line 30>
2018-06-05 16:10:27,041  root   INFO  wxx登录成功 File:<FtpServer.py line 37>
2018-06-05 16:10:27,041  root   INFO  wxx登录成功 File:<FtpServer.py line 37>
2018-06-05 16:10:27,041  root   INFO  wxx登录成功 File:<FtpServer.py line 37>
2018-06-05 16:10:27,591  root   INFO  wxx查看了家目录 File:<FtpServer.py line 75>
2018-06-05 16:10:27,591  root   INFO  wxx查看了家目录 File:<FtpServer.py line 75>
2018-06-05 16:10:27,591  root   INFO  wxx查看了家目录 File:<FtpServer.py line 75>
2018-06-05 16:10:32,971  root   ERROR  [WinError 10054] 远程主机强迫关闭了一个现有的连接。 File:<FtpServer.py line 53>
2018-06-05 16:10:32,971  root   ERROR  [WinError 10054] 远程主机强迫关闭了一个现有的连接。 File:<FtpServer.py line 53>
2018-06-05 16:10:32,971  root   ERROR  [WinError 10054] 远程主机强迫关闭了一个现有的连接。 File:<FtpServer.py line 53>
2018-06-05 16:10:33,162  root   INFO  Run 127.0.0.1:9000 File:<FtpServer.py line 30>
2018-06-05 16:10:33,162  root   INFO  Run 127.0.0.1:9000 File:<FtpServer.py line 30>
2018-06-05 16:10:33,162  root   INFO  Run 127.0.0.1:9000 File:<FtpServer.py line 30>
2018-06-05 16:31:27,397  root   ERROR  [WinError 10054] 远程主机强迫关闭了一个现有的连接。 File:<FtpServer.py line 53>
2018-06-05 16:31:27,397  root   ERROR  [WinError 10054] 远程主机强迫关闭了一个现有的连接。 File:<FtpServer.py line 53>
2018-06-05 16:31:27,397  root   ERROR  [WinError 10054] 远程主机强迫关闭了一个现有的连接。 File:<FtpServer.py line 53>
2018-06-05 16:31:27,635  root   INFO  Run 127.0.0.1:9000 File:<FtpServer.py line 30>
2018-06-05 16:31:27,635  root   INFO  Run 127.0.0.1:9000 File:<FtpServer.py line 30>
2018-06-05 16:31:27,635  root   INFO  Run 127.0.0.1:9000 File:<FtpServer.py line 30>
2018-06-05 16:31:33,085  root   INFO  Run 127.0.0.1:9000 File:<FtpServer.py line 30>
2018-06-05 16:31:35,148  root   INFO  spf登录成功 File:<FtpServer.py line 37>
2018-06-05 16:31:35,148  root   INFO  spf登录成功 File:<FtpServer.py line 37>
2018-06-05 16:31:35,772  root   INFO  spf查看了家目录 File:<FtpServer.py line 75>
2018-06-05 16:31:35,772  root   INFO  spf查看了家目录 File:<FtpServer.py line 75>
2018-06-05 16:31:40,149  root   INFO  spf查看了家目录 File:<FtpServer.py line 75>
2018-06-05 16:31:40,149  root   INFO  spf查看了家目录 File:<FtpServer.py line 75>
2018-06-05 16:31:54,748  root   INFO  spf上传了help文件 File:<FtpServer.py line 130>
2018-06-05 16:31:54,748  root   INFO  spf上传了help文件 File:<FtpServer.py line 130>
2018-06-05 16:31:58,062  root   INFO  spf查看了家目录 File:<FtpServer.py line 75>
2018-06-05 16:31:58,062  root   INFO  spf查看了家目录 File:<FtpServer.py line 75>
2018-06-05 16:32:01,249  root   INFO  spf下载了help文件 File:<FtpServer.py line 101>
2018-06-05 16:32:01,249  root   INFO  spf下载了help文件 File:<FtpServer.py line 101>
2018-06-05 16:32:02,357  root   INFO  spf查看了家目录 File:<FtpServer.py line 75>
2018-06-05 16:32:02,357  root   INFO  spf查看了家目录 File:<FtpServer.py line 75>
2018-06-05 16:32:08,539  root   INFO  spf查看了家目录 File:<FtpServer.py line 75>
2018-06-05 16:32:08,539  root   INFO  spf查看了家目录 File:<FtpServer.py line 75>
2018-06-05 16:32:10,364  root   ERROR  [WinError 145] 目录不是空的。: 'C:\\Users\\lanpa\\Desktop\\Python自动化21期\\Python21\\Homework\\day08\\ftp_server\\home\\spf\\test\\test1' File:<FtpServer.py line 209>
2018-06-05 16:32:10,364  root   ERROR  [WinError 145] 目录不是空的。: 'C:\\Users\\lanpa\\Desktop\\Python自动化21期\\Python21\\Homework\\day08\\ftp_server\\home\\spf\\test\\test1' File:<FtpServer.py line 209>
2018-06-05 16:32:13,345  root   INFO  spf查看了家目录 File:<FtpServer.py line 75>
2018-06-05 16:32:13,345  root   INFO  spf查看了家目录 File:<FtpServer.py line 75>
2018-06-05 16:32:17,747  root   INFO  spf查看了家目录 File:<FtpServer.py line 75>
2018-06-05 16:32:17,747  root   INFO  spf查看了家目录 File:<FtpServer.py line 75>
2018-06-05 16:32:22,250  root   INFO  spf查看了家目录 File:<FtpServer.py line 75>
2018-06-05 16:32:22,250  root   INFO  spf查看了家目录 File:<FtpServer.py line 75>
2018-06-05 16:32:26,420  root   INFO  spf上传了help文件 File:<FtpServer.py line 130>
2018-06-05 16:32:26,420  root   INFO  spf上传了help文件 File:<FtpServer.py line 130>
2018-06-05 16:32:27,440  root   INFO  spf查看了家目录 File:<FtpServer.py line 75>
2018-06-05 16:32:27,440  root   INFO  spf查看了家目录 File:<FtpServer.py line 75>
2018-06-05 16:32:31,887  root   INFO  spf查看了家目录 File:<FtpServer.py line 75>
2018-06-05 16:32:31,887  root   INFO  spf查看了家目录 File:<FtpServer.py line 75>
2018-06-05 16:32:33,931  root   INFO  spf查看了家目录 File:<FtpServer.py line 75>
2018-06-05 16:32:33,931  root   INFO  spf查看了家目录 File:<FtpServer.py line 75>
2018-06-05 16:32:42,565  root   INFO  spf查看了家目录 File:<FtpServer.py line 75>
2018-06-05 16:32:42,565  root   INFO  spf查看了家目录 File:<FtpServer.py line 75>
2018-06-05 16:32:46,741  root   ERROR  [WinError 10038] 在一个非套接字上尝试了一个操作。 File:<FtpServer.py line 53>
2018-06-05 16:32:46,741  root   ERROR  [WinError 10038] 在一个非套接字上尝试了一个操作。 File:<FtpServer.py line 53>
2018-06-05 16:32:53,127  root   INFO  Run 127.0.0.1:9000 File:<FtpServer.py line 30>
2018-06-05 16:32:53,127  root   INFO  Run 127.0.0.1:9000 File:<FtpServer.py line 30>
2018-06-05 18:02:28,763  root   ERROR  [WinError 10054] 远程主机强迫关闭了一个现有的连接。 File:<FtpServer.py line 53>
2018-06-05 18:02:28,763  root   ERROR  [WinError 10054] 远程主机强迫关闭了一个现有的连接。 File:<FtpServer.py line 53>
2018-06-05 21:16:04,890  root   INFO  Run 127.0.0.1:9000 File:<FtpServer.py line 30>
2018-06-05 21:16:20,725  root   INFO  spf登录成功 File:<FtpServer.py line 37>
2018-06-05 21:16:20,725  root   INFO  spf登录成功 File:<FtpServer.py line 37>
2018-06-05 21:16:22,979  root   INFO  spf查看了家目录 File:<FtpServer.py line 78>
2018-06-05 21:16:22,979  root   INFO  spf查看了家目录 File:<FtpServer.py line 78>
2018-06-05 21:16:32,969  root   INFO  spf下载了help文件 File:<FtpServer.py line 101>
2018-06-05 21:16:32,969  root   INFO  spf下载了help文件 File:<FtpServer.py line 101>
2018-06-05 21:16:52,523  root   INFO  spf上传了access.log文件 File:<FtpServer.py line 130>
2018-06-05 21:16:52,523  root   INFO  spf上传了access.log文件 File:<FtpServer.py line 130>
2018-06-05 21:17:08,857  root   INFO  spf创建了testdir目录 File:<FtpServer.py line 194>
2018-06-05 21:17:08,857  root   INFO  spf创建了testdir目录 File:<FtpServer.py line 194>
2018-06-05 21:17:25,248  root   INFO  spf创建了testdir2目录 File:<FtpServer.py line 194>
2018-06-05 21:17:25,248  root   INFO  spf创建了testdir2目录 File:<FtpServer.py line 194>
2018-06-05 21:17:50,219  root   INFO  spf查看了家目录 File:<FtpServer.py line 78>
2018-06-05 21:17:50,219  root   INFO  spf查看了家目录 File:<FtpServer.py line 78>
2018-06-05 21:18:21,966  root   INFO  Run 127.0.0.1:9000 File:<FtpServer.py line 30>
2018-06-05 21:18:24,038  root   INFO  spf登录成功 File:<FtpServer.py line 37>
2018-06-05 21:18:24,038  root   INFO  spf登录成功 File:<FtpServer.py line 37>
2018-06-05 21:18:25,384  root   INFO  spf查看了家目录 File:<FtpServer.py line 78>
2018-06-05 21:18:25,384  root   INFO  spf查看了家目录 File:<FtpServer.py line 78>
2018-06-05 21:18:32,778  root   INFO  spf查看了家目录 File:<FtpServer.py line 78>
2018-06-05 21:18:32,778  root   INFO  spf查看了家目录 File:<FtpServer.py line 78>
2018-06-05 21:20:12,088  root   INFO  Run 127.0.0.1:9000 File:<FtpServer.py line 30>
2018-06-05 21:20:15,101  root   INFO  spf登录成功 File:<FtpServer.py line 37>
2018-06-05 21:20:15,101  root   INFO  spf登录成功 File:<FtpServer.py line 37>
2018-06-05 21:20:16,064  root   INFO  spf查看了家目录 File:<FtpServer.py line 78>
2018-06-05 21:20:16,064  root   INFO  spf查看了家目录 File:<FtpServer.py line 78>
2018-06-05 21:20:32,162  root   INFO  spf下载了help文件 File:<FtpServer.py line 101>
2018-06-05 21:20:32,162  root   INFO  spf下载了help文件 File:<FtpServer.py line 101>
2018-06-05 21:20:44,223  root   INFO  spf上传了access.log文件 File:<FtpServer.py line 130>
2018-06-05 21:20:44,223  root   INFO  spf上传了access.log文件 File:<FtpServer.py line 130>
2018-06-05 21:20:49,083  root   INFO  spf查看了家目录 File:<FtpServer.py line 78>
2018-06-05 21:20:49,083  root   INFO  spf查看了家目录 File:<FtpServer.py line 78>
2018-06-05 21:20:53,146  root   INFO  spf查看了家目录 File:<FtpServer.py line 78>
2018-06-05 21:20:53,146  root   INFO  spf查看了家目录 File:<FtpServer.py line 78>
2018-06-05 21:20:55,437  root   ERROR  [Errno 66] Directory not empty: '/Users/xuxu/Desktop/python自动化21期/Python21/Homework/day08/ftp_server/home/spf/test' File:<FtpServer.py line 209>
2018-06-05 21:20:55,437  root   ERROR  [Errno 66] Directory not empty: '/Users/xuxu/Desktop/python自动化21期/Python21/Homework/day08/ftp_server/home/spf/test' File:<FtpServer.py line 209>
2018-06-05 21:21:01,903  root   INFO  spf查看了家目录 File:<FtpServer.py line 78>
2018-06-05 21:21:01,903  root   INFO  spf查看了家目录 File:<FtpServer.py line 78>
2018-06-05 21:21:10,122  root   INFO  spf查看了家目录 File:<FtpServer.py line 78>
2018-06-05 21:21:10,122  root   INFO  spf查看了家目录 File:<FtpServer.py line 78>
2018-06-05 21:21:35,456  root   INFO  spf查看了家目录 File:<FtpServer.py line 78>
2018-06-05 21:21:35,456  root   INFO  spf查看了家目录 File:<FtpServer.py line 78>
2018-06-05 21:21:37,720  root   INFO  spf查看了家目录 File:<FtpServer.py line 78>
2018-06-05 21:21:37,720  root   INFO  spf查看了家目录 File:<FtpServer.py line 78>
2018-06-05 21:21:41,738  root   INFO  spf查看了家目录 File:<FtpServer.py line 78>
2018-06-05 21:21:41,738  root   INFO  spf查看了家目录 File:<FtpServer.py line 78>
2018-06-05 21:21:43,574  root   INFO  spf查看了家目录 File:<FtpServer.py line 78>
2018-06-05 21:21:43,574  root   INFO  spf查看了家目录 File:<FtpServer.py line 78>
2018-06-05 21:21:49,517  root   INFO  spf查看了家目录 File:<FtpServer.py line 78>
2018-06-05 21:21:49,517  root   INFO  spf查看了家目录 File:<FtpServer.py line 78>
2018-06-05 21:25:53,590  root   INFO  Run 127.0.0.1:9000 File:<FtpServer.py line 31>
2018-06-05 21:26:04,866  root   INFO  spf登录成功 File:<FtpServer.py line 38>
2018-06-05 21:26:04,866  root   INFO  spf登录成功 File:<FtpServer.py line 38>
2018-06-05 21:26:05,903  root   INFO  spf查看了家目录 File:<FtpServer.py line 79>
2018-06-05 21:26:05,903  root   INFO  spf查看了家目录 File:<FtpServer.py line 79>
2018-06-05 21:26:09,061  root   INFO  spf查看了家目录 File:<FtpServer.py line 79>
2018-06-05 21:26:09,061  root   INFO  spf查看了家目录 File:<FtpServer.py line 79>
2018-06-05 21:26:50,281  root   INFO  Run 127.0.0.1:9000 File:<FtpServer.py line 31>
2018-06-05 21:26:53,102  root   INFO  spf登录成功 File:<FtpServer.py line 38>
2018-06-05 21:26:53,102  root   INFO  spf登录成功 File:<FtpServer.py line 38>
2018-06-05 21:26:53,633  root   INFO  spf查看了家目录 File:<FtpServer.py line 80>
2018-06-05 21:26:53,633  root   INFO  spf查看了家目录 File:<FtpServer.py line 80>
2018-06-05 21:26:56,113  root   INFO  spf查看了家目录 File:<FtpServer.py line 80>
2018-06-05 21:26:56,113  root   INFO  spf查看了家目录 File:<FtpServer.py line 80>
2018-06-05 21:27:56,487  root   INFO  Run 127.0.0.1:9000 File:<FtpServer.py line 31>
2018-06-05 21:27:58,796  root   INFO  spf登录成功 File:<FtpServer.py line 38>
2018-06-05 21:27:58,796  root   INFO  spf登录成功 File:<FtpServer.py line 38>
2018-06-05 21:28:14,449  root   INFO  spf查看了家目录 File:<FtpServer.py line 79>
2018-06-05 21:28:14,449  root   INFO  spf查看了家目录 File:<FtpServer.py line 79>
2018-06-05 21:28:47,546  root   INFO  Run 127.0.0.1:9000 File:<FtpServer.py line 31>
2018-06-05 21:28:49,751  root   INFO  spf登录成功 File:<FtpServer.py line 38>
2018-06-05 21:28:49,751  root   INFO  spf登录成功 File:<FtpServer.py line 38>
2018-06-05 21:28:55,588  root   INFO  spf查看了家目录 File:<FtpServer.py line 79>
2018-06-05 21:28:55,588  root   INFO  spf查看了家目录 File:<FtpServer.py line 79>
