2018-05-22 11:09:21,385  root   INFO  admin登录了系统 File:<public.py line 169>
2018-05-22 11:15:31,977  root   INFO  admin登录了系统 File:<public.py line 169>
2018-05-22 11:15:51,317  root   INFO  admin登录了系统 File:<public.py line 169>
2018-05-22 13:36:42,055  root   INFO  admin登录了系统 File:<public.py line 168>
2018-05-22 13:38:20,999  root   INFO  admin登录了系统 File:<public.py line 168>
2018-05-22 13:38:55,014  root   INFO  admin登录了系统 File:<public.py line 168>
2018-05-22 13:39:59,027  root   INFO  admin登录了系统 File:<public.py line 168>
2018-05-22 13:40:35,769  root   INFO  admin登录了系统 File:<public.py line 168>
2018-05-22 13:41:22,632  root   INFO  admin登录了系统 File:<public.py line 168>
2018-05-22 13:41:42,151  root   INFO  admin登录了系统 File:<public.py line 168>
2018-05-22 13:42:07,357  root   INFO  admin登录了系统 File:<public.py line 168>
2018-05-22 13:43:02,522  root   INFO  admin登录了系统 File:<public.py line 168>
2018-05-22 13:43:36,371  root   INFO  admin登录了系统 File:<public.py line 168>
2018-05-22 13:45:20,734  root   INFO  admin登录了系统 File:<public.py line 168>
2018-05-22 13:45:26,455  root   INFO  admin登录了系统 File:<public.py line 168>
2018-05-22 13:48:01,259  root   INFO  admin登录了系统 File:<public.py line 168>
2018-05-22 13:48:07,319  root   INFO  admin登录了系统 File:<public.py line 168>
2018-05-22 15:03:23,782  root   INFO  admin登录了系统 File:<public.py line 168>
2018-05-22 15:03:33,867  root   INFO  admin登录了系统 File:<public.py line 168>
2018-05-22 16:49:01,516  root   INFO  admin登录了系统 File:<public.py line 168>
2018-05-22 16:55:02,613  root   INFO  admin登录了系统 File:<public.py line 161>
2018-05-22 16:55:41,964  root   INFO  admin登录了系统 File:<public.py line 161>
2018-05-22 16:56:28,275  root   INFO  admin登录了系统 File:<public.py line 161>
2018-05-22 16:59:35,570  root   INFO  admin登录了系统 File:<public.py line 161>
2018-05-22 17:05:40,427  root   INFO  admin登录了系统 File:<public.py line 162>
2018-05-22 17:06:28,293  root   INFO  admin登录了系统 File:<public.py line 162>
2018-05-22 17:10:16,951  root   INFO  admin登录了系统 File:<public.py line 162>
2018-05-22 17:11:15,144  root   INFO  admin登录了系统 File:<public.py line 161>
2018-05-22 17:12:19,740  root   INFO  admin登录了系统 File:<public.py line 161>
2018-05-22 17:12:52,002  root   INFO  admin登录了系统 File:<public.py line 161>
2018-05-22 17:14:08,908  root   INFO  admin登录了系统 File:<public.py line 161>
2018-05-22 17:22:18,290  root   INFO  admin登录了系统 File:<public.py line 161>
2018-05-22 17:23:25,328  root   INFO  admin登录了系统 File:<public.py line 161>
2018-05-22 17:23:29,345  root   INFO  admin创建了北京大学学校 File:<manager.py line 34>
2018-05-22 17:23:29,345  root   INFO  admin创建了北京大学学校 File:<manager.py line 34>
2018-05-22 17:23:36,330  root   INFO  admin创建了清华大学学校 File:<manager.py line 34>
2018-05-22 17:23:36,330  root   INFO  admin创建了清华大学学校 File:<manager.py line 34>
2018-05-22 17:23:36,330  root   INFO  admin创建了清华大学学校 File:<manager.py line 34>
2018-05-22 17:24:54,911  root   INFO  admin登录了系统 File:<public.py line 161>
2018-05-22 17:25:17,731  root   INFO  admin登录了系统 File:<public.py line 161>
2018-05-22 17:25:27,691  root   INFO  admin登录了系统 File:<public.py line 161>
2018-05-22 17:26:18,448  root   INFO  admin登录了系统 File:<public.py line 161>
2018-05-22 17:26:40,239  root   INFO  admin登录了系统 File:<public.py line 161>
2018-05-22 17:27:12,997  root   INFO  admin登录了系统 File:<public.py line 161>
2018-05-22 17:27:26,644  root   INFO  admin登录了系统 File:<public.py line 161>
2018-05-22 17:27:45,643  root   INFO  admin登录了系统 File:<public.py line 161>
2018-05-22 17:28:07,491  root   INFO  admin登录了系统 File:<public.py line 161>
2018-05-22 17:34:48,948  root   INFO  admin登录了系统 File:<public.py line 161>
2018-05-22 17:34:57,452  root   INFO  admin创建了<北京大学>学校 File:<manager.py line 34>
2018-05-22 17:34:57,452  root   INFO  admin创建了<北京大学>学校 File:<manager.py line 34>
2018-05-22 17:34:57,452  root   INFO  admin创建了<北京大学>学校 File:<manager.py line 34>
2018-05-22 17:35:07,138  root   INFO  admin创建了<清华大学>学校 File:<manager.py line 34>
2018-05-22 17:35:07,138  root   INFO  admin创建了<清华大学>学校 File:<manager.py line 34>
2018-05-22 17:35:07,138  root   INFO  admin创建了<清华大学>学校 File:<manager.py line 34>
2018-05-22 17:35:07,138  root   INFO  admin创建了<清华大学>学校 File:<manager.py line 34>
2018-05-22 17:35:07,138  root   INFO  admin创建了<清华大学>学校 File:<manager.py line 34>
2018-05-22 17:36:33,376  root   INFO  admin登录了系统 File:<public.py line 161>
2018-05-22 17:36:48,279  root   INFO  admin登录了系统 File:<public.py line 161>
2018-05-22 17:37:16,699  root   INFO  admin登录了系统 File:<public.py line 161>
2018-05-22 17:38:13,195  root   INFO  admin登录了系统 File:<public.py line 161>
2018-05-22 17:38:23,439  root   INFO  admin登录了系统 File:<public.py line 161>
2018-05-22 17:38:40,665  root   INFO  admin登录了系统 File:<public.py line 161>
2018-05-22 17:40:18,808  root   INFO  admin登录了系统 File:<public.py line 161>
2018-05-22 17:40:25,521  root   INFO  admin创建了<老男孩>学校 File:<manager.py line 34>
2018-05-22 17:40:25,521  root   INFO  admin创建了<老男孩>学校 File:<manager.py line 34>
2018-05-22 17:41:44,970  root   INFO  admin登录了系统 File:<public.py line 161>
2018-05-22 18:04:14,715  root   INFO  admin登录了系统 File:<public.py line 130>
