2018-05-30 23:38:00,242  root   INFO  spf登录成功 File:<FtpClient.py line 23>
2018-05-30 23:38:55,594  root   INFO  spf登录成功 File:<FtpClient.py line 23>
2018-05-30 23:39:02,659  root   INFO  spf下载../download_dir\test.txt文件成功 File:<FtpClient.py line 85>
2018-05-30 23:39:50,866  root   INFO  spf登录成功 File:<FtpClient.py line 23>
2018-05-30 23:39:55,803  root   INFO  spf下载../download_dir\test.txt文件成功 File:<FtpClient.py line 85>
2018-05-30 23:40:41,122  root   INFO  spf登录成功 File:<FtpClient.py line 23>
2018-05-30 23:40:47,180  root   INFO  spf下载../download_dir\计算器优秀的作业.zip文件成功 File:<FtpClient.py line 85>
2018-05-30 23:43:27,521  root   INFO  spf登录成功 File:<FtpClient.py line 23>
2018-05-30 23:45:05,345  root   INFO  spf登录成功 File:<FtpClient.py line 23>
2018-05-30 23:45:22,498  root   INFO  spf登录成功 File:<FtpClient.py line 23>
2018-05-30 23:46:53,009  root   INFO  spf登录成功 File:<FtpClient.py line 23>
2018-05-30 23:46:54,930  root   INFO  spf上传D:\老男孩python自动化21期\Python21\Homework\day08\ftp-client\test.py文件成功 File:<FtpClient.py line 114>
2018-05-30 23:49:19,105  root   INFO  spf登录成功 File:<FtpClient.py line 23>
2018-05-30 23:49:20,268  root   INFO  spf上传C:\Users\xuxu\Documents\Tencent Files\214031230\FileRecv\计算器优秀的作业.zip文件成功 File:<FtpClient.py line 113>
2018-05-30 23:49:44,991  root   INFO  spf上传C:\Users\xuxu\Downloads\课件.zip文件成功 File:<FtpClient.py line 113>
2018-05-30 23:51:04,602  root   INFO  spf登录成功 File:<FtpClient.py line 23>
2018-05-30 23:52:03,409  root   INFO  spf登录成功 File:<FtpClient.py line 23>
2018-05-30 23:52:19,705  root   INFO  spf登录成功 File:<FtpClient.py line 23>
2018-05-30 23:52:34,602  root   INFO  spf登录成功 File:<FtpClient.py line 23>
2018-05-30 23:53:01,609  root   INFO  spf登录成功 File:<FtpClient.py line 23>
2018-05-30 23:53:03,658  root   INFO  spf上传D:\老男孩python自动化21期\Python21\Homework\day08\ftp-client\test.py文件成功 File:<FtpClient.py line 115>
2018-05-30 23:53:18,521  root   INFO  spf上传C:\Users\xuxu\Downloads\课件.zip文件成功 File:<FtpClient.py line 115>
2018-05-30 23:53:36,994  root   INFO  spf登录成功 File:<FtpClient.py line 23>
2018-05-30 23:53:42,945  root   INFO  spf上传C:\Users\xuxu\Downloads\课件.zip文件成功 File:<FtpClient.py line 115>
2018-05-31 09:33:10,675  root   INFO  spf登录成功 File:<FtpClient.py line 23>
2018-05-31 09:33:16,529  root   INFO  spf登录成功 File:<FtpClient.py line 23>
2018-05-31 09:35:59,938  root   INFO  spf登录成功 File:<FtpClient.py line 23>
2018-05-31 09:37:58,587  root   INFO  spf登录成功 File:<FtpClient.py line 23>
2018-05-31 09:38:32,387  root   INFO  spf登录成功 File:<FtpClient.py line 23>
2018-05-31 09:39:18,322  root   INFO  spf登录成功 File:<FtpClient.py line 23>
2018-05-31 09:39:59,729  root   INFO  spf登录成功 File:<FtpClient.py line 23>
2018-05-31 09:41:29,194  root   INFO  spf登录成功 File:<FtpClient.py line 23>
2018-05-31 09:50:03,339  root   INFO  spf登录成功 File:<FtpClient.py line 23>
2018-05-31 09:50:04,874  root   INFO  spf上传C:\Users\lanpa\Desktop\统计数据\北京市朝阳区实验小学润泽分校.xls文件成功 File:<FtpClient.py line 114>
2018-05-31 10:34:40,147  root   INFO  spf登录成功 File:<FtpClient.py line 23>
2018-05-31 10:41:05,339  root   INFO  spf登录成功 File:<FtpClient.py line 24>
2018-05-31 10:41:43,522  root   INFO  spf登录成功 File:<FtpClient.py line 24>
2018-05-31 10:41:52,977  root   INFO  spf下载../download_dir\test1.txt文件成功 File:<FtpClient.py line 89>
2018-05-31 10:41:58,951  root   INFO  spf下载../download_dir\北京市朝阳区实验小学润泽分校.xls文件成功 File:<FtpClient.py line 89>
2018-05-31 10:43:47,587  root   INFO  spf登录成功 File:<FtpClient.py line 24>
2018-05-31 10:43:55,057  root   INFO  spf下载../download_dir\北京市朝阳区实验小学润泽分校.xls文件成功 File:<FtpClient.py line 89>
2018-05-31 10:49:57,795  root   INFO  spf登录成功 File:<FtpClient.py line 24>
2018-05-31 10:50:02,116  root   INFO  spf下载../download_dir\北京市朝阳区实验小学润泽分校.xls文件成功 File:<FtpClient.py line 90>
2018-05-31 10:51:03,776  root   INFO  spf上传D:\Navicat Premium.zip文件成功 File:<FtpClient.py line 121>
2018-05-31 11:06:09,052  root   INFO  spf登录成功 File:<FtpClient.py line 24>
2018-05-31 11:18:28,438  root   INFO  spf登录成功 File:<FtpClient.py line 24>
2018-05-31 11:18:29,020  root   ERROR  [WinError 10053] 你的主机中的软件中止了一个已建立的连接。 File:<FtpClient.py line 40>
2018-05-31 11:20:16,166  root   INFO  spf登录成功 File:<FtpClient.py line 24>
2018-05-31 11:20:16,932  root   ERROR  [WinError 10053] 你的主机中的软件中止了一个已建立的连接。 File:<FtpClient.py line 40>
2018-05-31 11:20:49,221  root   INFO  spf登录成功 File:<FtpClient.py line 24>
2018-05-31 11:20:58,117  root   ERROR  [WinError 10054] 远程主机强迫关闭了一个现有的连接。 File:<FtpClient.py line 37>
2018-05-31 11:28:04,982  root   INFO  spf登录成功 File:<FtpClient.py line 24>
2018-05-31 11:28:17,963  root   INFO  spf下载../download_dir\流程图.png文件成功 File:<FtpClient.py line 91>
2018-05-31 11:30:11,973  root   INFO  spf上传F:\VM-12.1.1.rar文件成功 File:<FtpClient.py line 120>
2018-05-31 11:30:42,165  root   ERROR  [WinError 10053] 你的主机中的软件中止了一个已建立的连接。 File:<FtpClient.py line 40>
2018-05-31 11:31:18,014  root   INFO  spf登录成功 File:<FtpClient.py line 24>
2018-05-31 11:31:47,775  root   INFO  spf下载../download_dir\VM-12.1.1.rar文件成功 File:<FtpClient.py line 91>
2018-05-31 12:13:53,781  root   INFO  spf登录成功 File:<FtpClient.py line 24>
2018-05-31 12:17:02,620  root   ERROR  [WinError 10054] 远程主机强迫关闭了一个现有的连接。 File:<FtpClient.py line 37>
2018-05-31 12:17:09,974  root   INFO  spf登录成功 File:<FtpClient.py line 24>
2018-05-31 12:17:23,351  root   ERROR  'bytes' object has no attribute 'encode' File:<FtpClient.py line 40>
2018-05-31 12:18:24,943  root   INFO  spf登录成功 File:<FtpClient.py line 24>
2018-05-31 12:18:27,732  root   INFO  spf上传C:\Users\lanpa\Desktop\Python自动化21期\Python21\Homework\day08\ftp-client\logs\access.log文件成功 File:<FtpClient.py line 121>
2018-05-31 12:19:12,207  root   INFO  spf登录成功 File:<FtpClient.py line 24>
2018-05-31 12:19:19,811  root   ERROR  [WinError 10054] 远程主机强迫关闭了一个现有的连接。 File:<FtpClient.py line 37>
2018-05-31 12:19:29,623  root   INFO  spf登录成功 File:<FtpClient.py line 24>
2018-05-31 12:19:30,810  root   INFO  spf上传C:\Users\lanpa\Desktop\Python自动化21期\Python21\Homework\day08\ftp-client\logs\access.log文件成功 File:<FtpClient.py line 121>
2018-05-31 12:20:29,631  root   INFO  spf登录成功 File:<FtpClient.py line 24>
2018-05-31 12:20:31,328  root   INFO  spf上传C:\Users\lanpa\Desktop\Python自动化21期\Python21\Homework\day08\ftp-client\logs\access.log文件成功 File:<FtpClient.py line 121>
2018-05-31 12:22:58,271  root   INFO  spf登录成功 File:<FtpClient.py line 24>
2018-05-31 12:23:00,618  root   INFO  spf上传C:\Users\lanpa\Desktop\Python自动化21期\Python21\Homework\day08\ftp-client\logs\access.log文件成功 File:<FtpClient.py line 121>
2018-05-31 12:25:26,390  root   INFO  spf登录成功 File:<FtpClient.py line 24>
2018-05-31 12:25:33,558  root   ERROR  [WinError 10054] 远程主机强迫关闭了一个现有的连接。 File:<FtpClient.py line 37>
2018-05-31 12:25:39,373  root   INFO  spf登录成功 File:<FtpClient.py line 24>
2018-05-31 12:25:40,995  root   INFO  spf上传C:\Users\lanpa\Desktop\Python自动化21期\Python21\Homework\day08\ftp-client\logs\access.log文件成功 File:<FtpClient.py line 121>
2018-05-31 12:39:50,807  root   INFO  spf登录成功 File:<FtpClient.py line 24>
2018-05-31 12:40:28,721  root   INFO  spf登录成功 File:<FtpClient.py line 24>
2018-05-31 13:32:16,865  root   INFO  spf登录成功 File:<FtpClient.py line 24>
