2018-06-05 16:03:33,102  root   INFO  spf登录成功 File:<FtpClient.py line 24>
2018-06-05 16:04:22,290  root   INFO  spf上传C:\Users\lanpa\Desktop\Python自动化21期\Python21\Homework\day08\ftp_client\help文件成功 File:<FtpClient.py line 119>
2018-06-05 16:04:29,993  root   INFO  wxx登录成功 File:<FtpClient.py line 24>
2018-06-05 16:07:22,870  root   INFO  spf登录成功 File:<FtpClient.py line 24>
2018-06-05 16:09:15,266  root   INFO  spf上传C:\Users\lanpa\Desktop\Python自动化21期\Python21\Homework\day08\ftp_client\help文件成功 File:<FtpClient.py line 119>
2018-06-05 16:09:32,085  root   INFO  spf下载../download\help文件成功 File:<FtpClient.py line 89>
2018-06-05 16:10:27,041  root   INFO  wxx登录成功 File:<FtpClient.py line 24>
2018-06-05 16:31:35,148  root   INFO  spf登录成功 File:<FtpClient.py line 24>
2018-06-05 16:31:54,748  root   INFO  spf上传C:\Users\lanpa\Desktop\Python自动化21期\Python21\Homework\day08\ftp_client\help文件成功 File:<FtpClient.py line 119>
2018-06-05 16:32:01,250  root   INFO  spf下载../download\help文件成功 File:<FtpClient.py line 89>
2018-06-05 16:32:26,420  root   INFO  spf上传C:\Users\lanpa\Desktop\Python自动化21期\Python21\Homework\day08\ftp_client\help文件成功 File:<FtpClient.py line 119>
2018-06-05 21:16:20,725  root   INFO  spf登录成功 File:<FtpClient.py line 24>
2018-06-05 21:16:32,975  root   INFO  spf下载../download/help文件成功 File:<FtpClient.py line 89>
2018-06-05 21:16:52,523  root   INFO  spf上传/Users/xuxu/Desktop/python自动化21期/Python21/Homework/day08/ftp_client/logs/access.log文件成功 File:<FtpClient.py line 119>
2018-06-05 21:18:19,805  root   ERROR  [Errno 54] Connection reset by peer File:<FtpClient.py line 35>
2018-06-05 21:18:24,038  root   INFO  spf登录成功 File:<FtpClient.py line 24>
2018-06-05 21:20:15,101  root   INFO  spf登录成功 File:<FtpClient.py line 24>
2018-06-05 21:20:32,163  root   INFO  spf下载../download/help文件成功 File:<FtpClient.py line 89>
2018-06-05 21:20:44,223  root   INFO  spf上传/Users/xuxu/Desktop/python自动化21期/Python21/Homework/day08/ftp_client/logs/access.log文件成功 File:<FtpClient.py line 119>
2018-06-05 21:26:04,866  root   INFO  spf登录成功 File:<FtpClient.py line 24>
2018-06-05 21:26:53,102  root   INFO  spf登录成功 File:<FtpClient.py line 24>
2018-06-05 21:27:58,796  root   INFO  spf登录成功 File:<FtpClient.py line 24>
2018-06-05 21:28:45,517  root   ERROR  [Errno 54] Connection reset by peer File:<FtpClient.py line 35>
2018-06-05 21:28:49,751  root   INFO  spf登录成功 File:<FtpClient.py line 24>
2018-06-05 21:29:17,806  root   INFO  spf上传/Users/xuxu/Desktop/python自动化21期/Python21/Homework/day08/ftp_server/logs/access.log文件成功 File:<FtpClient.py line 119>
2018-06-05 21:29:57,616  root   INFO  spf登录成功 File:<FtpClient.py line 24>
2018-06-05 21:30:10,159  root   ERROR  [Errno 32] Broken pipe File:<FtpClient.py line 38>
2018-06-05 21:30:19,406  root   INFO  spf登录成功 File:<FtpClient.py line 24>
2018-06-05 21:31:45,738  root   INFO  spf登录成功 File:<FtpClient.py line 24>
2018-06-05 21:34:40,986  root   INFO  spf登录成功 File:<FtpClient.py line 24>
2018-06-05 21:34:50,008  root   INFO  spf登录成功 File:<FtpClient.py line 24>
2018-06-05 21:35:13,428  root   INFO  spf上传/Users/xuxu/Desktop/python自动化21期/Python21/Homework/day08/readme文件成功 File:<FtpClient.py line 119>
2018-06-05 21:35:19,548  root   INFO  spf下载../download/access.log文件成功 File:<FtpClient.py line 89>
2018-06-05 21:36:36,175  root   INFO  spf登录成功 File:<FtpClient.py line 24>
2018-06-05 21:37:22,107  root   INFO  spf登录成功 File:<FtpClient.py line 24>
2018-06-05 21:37:35,307  root   INFO  spf登录成功 File:<FtpClient.py line 24>
2018-06-05 21:37:54,530  root   ERROR  [Errno 32] Broken pipe File:<FtpClient.py line 38>
2018-06-05 21:41:52,123  root   INFO  spf登录成功 File:<FtpClient.py line 24>
2018-06-05 21:42:25,795  root   INFO  spf登录成功 File:<FtpClient.py line 24>
2018-06-05 21:49:30,568  root   INFO  spf登录成功 File:<FtpClient.py line 24>
2018-06-05 21:50:38,376  root   INFO  spf下载../download\access.log文件成功 File:<FtpClient.py line 89>
2018-06-05 21:51:26,153  root   INFO  spf上传D:\老男孩python自动化21期\Python21\day9\test.py文件成功 File:<FtpClient.py line 119>
2018-06-05 21:52:53,816  root   INFO  spf登录成功 File:<FtpClient.py line 24>
2018-06-06 16:52:14,731  root   INFO  spf登录成功 File:<FtpClient.py line 24>
2018-06-06 16:53:08,552  root   INFO  spf上传C:\Users\lanpa\Desktop\Python自动化21期\Python21\Homework\day08\ftp_client\bin\start.py文件成功 File:<FtpClient.py line 119>
2018-06-06 16:53:14,507  root   ERROR  [Errno 2] No such file or directory: '../server\\start.py' File:<FtpClient.py line 38>
2018-06-06 16:56:49,804  root   INFO  spf登录成功 File:<FtpClient.py line 25>
2018-06-06 16:57:28,503  root   ERROR  [Errno 2] No such file or directory: '../server\\readme' File:<FtpClient.py line 39>
2018-06-06 16:57:41,818  root   ERROR  [WinError 10053] 你的主机中的软件中止了一个已建立的连接。 File:<FtpClient.py line 39>
2018-06-06 16:57:50,395  root   INFO  spf登录成功 File:<FtpClient.py line 25>
2018-06-06 16:59:26,789  root   INFO  spf登录成功 File:<FtpClient.py line 24>
2018-06-06 17:00:31,043  root   INFO  spf登录成功 File:<FtpClient.py line 24>
2018-06-06 17:00:38,125  root   INFO  spf下载../download\help文件成功 File:<FtpClient.py line 89>
