2018-05-30 14:51:59,669  root   INFO  spf登录成功 File:<FtpServer.py line 33>
2018-05-30 14:56:28,350  root   INFO  spf登录成功 File:<FtpServer.py line 33>
2018-05-30 14:57:13,102  root   INFO  spf登录成功 File:<FtpServer.py line 33>
2018-05-30 15:01:11,469  root   INFO  spf登录成功 File:<FtpServer.py line 33>
2018-05-30 15:09:08,430  root   INFO  spf登录成功 File:<FtpServer.py line 34>
2018-05-30 15:09:52,860  root   INFO  spf登录成功 File:<FtpServer.py line 34>
2018-05-30 15:10:17,071  root   INFO  spf登录成功 File:<FtpServer.py line 34>
2018-05-30 15:16:25,741  root   INFO  spf登录成功 File:<FtpServer.py line 34>
2018-05-30 15:17:37,694  root   INFO  spf登录成功 File:<FtpServer.py line 34>
2018-05-30 15:19:02,117  root   INFO  spf登录成功 File:<FtpServer.py line 34>
2018-05-30 15:21:45,805  root   INFO  spf登录成功 File:<FtpServer.py line 34>
2018-05-30 15:22:07,310  root   INFO  spf登录失败 File:<FtpServer.py line 38>
2018-05-30 15:22:09,614  root   INFO  spf登录成功 File:<FtpServer.py line 34>
2018-05-30 15:22:58,653  root   INFO  spf登录成功 File:<FtpServer.py line 34>
2018-05-30 15:27:41,349  root   INFO  spf登录失败 File:<FtpServer.py line 38>
2018-05-30 15:27:44,798  root   INFO  spf登录成功 File:<FtpServer.py line 34>
2018-05-30 15:32:33,749  root   INFO  spf登录成功 File:<FtpServer.py line 34>
2018-05-30 15:35:13,422  root   INFO  spf登录成功 File:<FtpServer.py line 33>
2018-05-30 15:41:52,374  root   INFO  spf登录成功 File:<FtpServer.py line 33>
2018-05-30 15:45:32,750  root   INFO  spf登录成功 File:<FtpServer.py line 33>
2018-05-30 15:48:15,679  root   INFO  spf登录成功 File:<FtpServer.py line 33>
2018-05-30 15:49:01,806  root   INFO  spf登录成功 File:<FtpServer.py line 33>
2018-05-30 15:50:11,150  root   INFO  spf登录成功 File:<FtpServer.py line 33>
2018-05-30 15:50:55,591  root   INFO  spf登录成功 File:<FtpServer.py line 33>
2018-05-30 15:51:18,886  root   INFO  spf登录成功 File:<FtpServer.py line 33>
2018-05-30 15:52:04,550  root   INFO  spf登录成功 File:<FtpServer.py line 33>
2018-05-30 15:52:45,886  root   INFO  spf登录失败 File:<FtpServer.py line 37>
2018-05-30 15:52:50,200  root   INFO  spf登录成功 File:<FtpServer.py line 33>
2018-05-30 15:54:53,494  root   INFO  spf登录成功 File:<FtpServer.py line 33>
2018-05-30 15:55:17,519  root   INFO  wxx登录失败 File:<FtpServer.py line 37>
2018-05-30 15:55:32,869  root   INFO  wxx登录失败 File:<FtpServer.py line 37>
2018-05-30 15:55:55,302  root   INFO  wxx登录失败 File:<FtpServer.py line 37>
2018-05-30 15:57:40,559  root   INFO  spf登录失败 File:<FtpServer.py line 37>
2018-05-30 15:57:42,870  root   INFO  wxx登录成功 File:<FtpServer.py line 33>
2018-05-30 16:09:25,147  root   INFO  wxx登录成功 File:<FtpServer.py line 33>
2018-05-30 16:10:20,673  root   INFO  wxx登录成功 File:<FtpServer.py line 33>
2018-05-30 16:10:28,279  root   INFO  spf登录失败 File:<FtpServer.py line 37>
2018-05-30 16:12:15,486  root   INFO  spf登录失败 File:<FtpServer.py line 37>
2018-05-30 16:12:48,727  root   INFO  spf登录失败 File:<FtpServer.py line 37>
2018-05-30 17:33:18,675  root   INFO  spf登录失败 File:<FtpServer.py line 37>
2018-05-30 17:38:56,218  root   INFO  spf登录失败 File:<FtpServer.py line 37>
2018-05-30 17:48:01,233  root   INFO  spf登录失败 File:<FtpServer.py line 37>
2018-05-30 17:50:00,113  root   INFO  wxx登录成功 File:<FtpServer.py line 33>
2018-05-30 17:50:57,018  root   INFO  spf登录失败 File:<FtpServer.py line 37>
2018-05-30 17:51:11,874  root   INFO  wxx登录成功 File:<FtpServer.py line 33>
2018-05-30 17:57:09,802  root   INFO  spf登录失败 File:<FtpServer.py line 37>
2018-05-30 18:00:33,465  root   INFO  spf登录成功 File:<FtpServer.py line 33>
2018-05-30 18:00:48,313  root   INFO  wxx登录失败 File:<FtpServer.py line 37>
2018-05-30 18:05:13,410  root   INFO  spf登录失败 File:<FtpServer.py line 37>
2018-05-30 18:05:15,777  root   INFO  spf登录失败 File:<FtpServer.py line 37>
2018-05-30 18:05:28,449  root   INFO  spf登录失败 File:<FtpServer.py line 37>
2018-05-30 18:06:36,058  root   INFO  spf登录成功 File:<FtpServer.py line 33>
2018-05-30 18:06:48,794  root   INFO  wxx登录成功 File:<FtpServer.py line 33>
2018-05-30 18:07:45,378  root   INFO  spf登录成功 File:<FtpServer.py line 33>
2018-05-30 18:07:53,921  root   INFO  wxx登录成功 File:<FtpServer.py line 33>
2018-05-30 18:09:26,785  root   INFO  spf登录成功 File:<FtpServer.py line 33>
2018-05-30 18:09:36,811  root   INFO  wxx登录成功 File:<FtpServer.py line 33>
2018-05-30 18:11:41,444  root   INFO  spf登录成功 File:<FtpServer.py line 33>
2018-05-30 18:12:15,086  root   INFO  spf登录成功 File:<FtpServer.py line 33>
2018-05-30 18:12:20,098  root   INFO  xxx登录失败 File:<FtpServer.py line 37>
2018-05-30 18:12:22,338  root   INFO  wxx登录失败 File:<FtpServer.py line 37>
2018-05-30 18:12:25,411  root   INFO  wxx登录成功 File:<FtpServer.py line 33>
2018-05-30 18:13:42,379  root   INFO  spf登录成功 File:<FtpServer.py line 33>
2018-05-30 18:14:46,139  root   INFO  spf登录成功 File:<FtpServer.py line 33>
2018-05-30 18:14:55,684  root   INFO  wxx登录成功 File:<FtpServer.py line 33>
2018-05-30 18:15:18,850  root   INFO  spf登录成功 File:<FtpServer.py line 33>
2018-05-30 18:17:21,780  root   INFO  spf登录成功 File:<FtpServer.py line 33>
2018-05-30 18:18:18,562  root   INFO  spf登录成功 File:<FtpServer.py line 33>
2018-05-30 18:19:10,189  root   INFO  spf登录成功 File:<FtpServer.py line 33>
2018-05-30 18:19:42,043  root   INFO  spf登录成功 File:<FtpServer.py line 33>
2018-05-30 18:20:23,497  root   INFO  spf登录成功 File:<FtpServer.py line 33>
2018-05-30 18:20:29,546  root   INFO  spf登录成功 File:<FtpServer.py line 33>
2018-05-30 20:56:28,295  root   INFO  spf登录成功 File:<FtpServer.py line 33>
2018-05-30 20:59:12,615  root   INFO  spf登录成功 File:<FtpServer.py line 33>
2018-05-30 21:08:33,870  root   INFO  spf登录成功 File:<FtpServer.py line 33>
2018-05-30 21:10:35,382  root   INFO  spf登录成功 File:<FtpServer.py line 33>
2018-05-30 21:15:15,743  root   INFO  wxx登录成功 File:<FtpServer.py line 33>
2018-05-30 21:15:46,430  root   INFO  wxx登录成功 File:<FtpServer.py line 33>
2018-05-30 21:16:30,582  root   INFO  wxx登录成功 File:<FtpServer.py line 33>
2018-05-30 21:17:13,254  root   INFO  spf登录成功 File:<FtpServer.py line 33>
2018-05-30 21:28:07,621  root   INFO  spf登录成功 File:<FtpServer.py line 33>
2018-05-30 21:28:08,850  root   INFO  spf查看了家目录 File:<FtpServer.py line 73>
2018-05-30 21:29:05,725  root   INFO  spf登录成功 File:<FtpServer.py line 33>
2018-05-30 21:29:07,713  root   INFO  spf查看了家目录 File:<FtpServer.py line 73>
2018-05-30 21:29:36,606  root   INFO  spf登录成功 File:<FtpServer.py line 33>
2018-05-30 21:29:38,704  root   INFO  spf查看了家目录 File:<FtpServer.py line 73>
2018-05-30 21:29:41,544  root   INFO  spf查看了家目录 File:<FtpServer.py line 73>
2018-05-30 21:37:28,221  root   INFO  spf登录成功 File:<FtpServer.py line 33>
2018-05-30 21:37:35,152  root   INFO  spf查看了家目录 File:<FtpServer.py line 73>
2018-05-30 21:37:38,864  root   INFO  spf下载了计算器优秀的作业.zip文件 File:<FtpServer.py line 106>
2018-05-30 21:39:27,309  root   INFO  spf登录成功 File:<FtpServer.py line 33>
2018-05-30 21:39:29,857  root   INFO  spf查看了家目录 File:<FtpServer.py line 73>
2018-05-30 21:39:33,441  root   INFO  spf下载了计算器优秀的作业.zip文件 File:<FtpServer.py line 106>
2018-05-30 21:40:49,501  root   INFO  spf登录成功 File:<FtpServer.py line 33>
2018-05-30 21:40:51,011  root   INFO  spf查看了家目录 File:<FtpServer.py line 73>
2018-05-30 21:40:55,310  root   INFO  spf下载了test1.txt文件 File:<FtpServer.py line 106>
2018-05-30 21:42:54,573  root   INFO  spf登录成功 File:<FtpServer.py line 33>
2018-05-30 21:42:56,043  root   INFO  spf查看了家目录 File:<FtpServer.py line 73>
2018-05-30 21:43:00,152  root   INFO  spf下载了计算器优秀的作业.zip文件 File:<FtpServer.py line 106>
2018-05-30 21:47:01,581  root   INFO  spf登录成功 File:<FtpServer.py line 33>
2018-05-30 21:47:03,906  root   INFO  spf查看了家目录 File:<FtpServer.py line 73>
2018-05-30 22:28:18,556  root   INFO  spf登录成功 File:<FtpServer.py line 33>
2018-05-30 22:37:44,388  root   INFO  spf登录成功 File:<FtpServer.py line 33>
2018-05-30 22:38:00,851  root   INFO  spf登录成功 File:<FtpServer.py line 33>
2018-05-30 23:22:50,602  root   INFO  spf登录成功 File:<FtpServer.py line 33>
2018-05-30 23:23:05,071  root   INFO  spf上传了计算器优秀的作业.zip文件 File:<FtpServer.py line 134>
2018-05-30 23:24:28,940  root   INFO  spf登录成功 File:<FtpServer.py line 33>
2018-05-30 23:24:29,952  root   INFO  spf查看了家目录 File:<FtpServer.py line 71>
2018-05-30 23:25:26,650  root   INFO  spf登录成功 File:<FtpServer.py line 33>
2018-05-30 23:25:30,434  root   INFO  wxx登录成功 File:<FtpServer.py line 33>
2018-05-30 23:25:32,973  root   INFO  wxx查看了家目录 File:<FtpServer.py line 71>
2018-05-30 23:25:35,933  root   INFO  wxx上传了计算器优秀的作业.zip文件 File:<FtpServer.py line 122>
2018-05-30 23:25:36,757  root   INFO  wxx查看了家目录 File:<FtpServer.py line 71>
2018-05-30 23:26:07,540  root   INFO  wxx下载了计算器优秀的作业.zip文件 File:<FtpServer.py line 99>
2018-05-30 23:38:00,242  root   INFO  spf登录成功 File:<FtpServer.py line 33>
2018-05-30 23:38:01,519  root   INFO  spf查看了家目录 File:<FtpServer.py line 71>
2018-05-30 23:38:05,074  root   INFO  spf下载了test.txt文件 File:<FtpServer.py line 99>
2018-05-30 23:38:55,594  root   INFO  spf登录成功 File:<FtpServer.py line 33>
2018-05-30 23:38:56,550  root   INFO  spf查看了家目录 File:<FtpServer.py line 71>
2018-05-30 23:39:02,658  root   INFO  spf下载了test.txt文件 File:<FtpServer.py line 99>
2018-05-30 23:39:50,866  root   INFO  spf登录成功 File:<FtpServer.py line 33>
2018-05-30 23:39:52,236  root   INFO  spf查看了家目录 File:<FtpServer.py line 71>
2018-05-30 23:39:55,803  root   INFO  spf下载了test.txt文件 File:<FtpServer.py line 99>
2018-05-30 23:40:41,122  root   INFO  spf登录成功 File:<FtpServer.py line 33>
2018-05-30 23:40:42,357  root   INFO  spf查看了家目录 File:<FtpServer.py line 71>
2018-05-30 23:40:47,180  root   INFO  spf下载了计算器优秀的作业.zip文件 File:<FtpServer.py line 99>
2018-05-30 23:43:27,521  root   INFO  spf登录成功 File:<FtpServer.py line 33>
2018-05-30 23:43:29,005  root   INFO  spf查看了家目录 File:<FtpServer.py line 71>
2018-05-30 23:45:05,345  root   INFO  spf登录成功 File:<FtpServer.py line 33>
2018-05-30 23:45:22,498  root   INFO  spf登录成功 File:<FtpServer.py line 33>
2018-05-30 23:46:53,009  root   INFO  spf登录成功 File:<FtpServer.py line 33>
2018-05-30 23:46:54,930  root   INFO  spf上传了test.py文件 File:<FtpServer.py line 122>
2018-05-30 23:49:19,105  root   INFO  spf登录成功 File:<FtpServer.py line 33>
2018-05-30 23:49:20,268  root   INFO  spf上传了计算器优秀的作业.zip文件 File:<FtpServer.py line 122>
2018-05-30 23:49:44,991  root   INFO  spf上传了课件.zip文件 File:<FtpServer.py line 122>
2018-05-30 23:51:04,602  root   INFO  spf登录成功 File:<FtpServer.py line 33>
2018-05-30 23:51:05,263  root   INFO  spf查看了家目录 File:<FtpServer.py line 71>
2018-05-30 23:52:03,409  root   INFO  spf登录成功 File:<FtpServer.py line 33>
2018-05-30 23:52:19,705  root   INFO  spf登录成功 File:<FtpServer.py line 33>
2018-05-30 23:52:34,602  root   INFO  spf登录成功 File:<FtpServer.py line 33>
2018-05-30 23:53:01,609  root   INFO  spf登录成功 File:<FtpServer.py line 33>
2018-05-30 23:53:03,658  root   INFO  spf上传了test.py文件 File:<FtpServer.py line 122>
2018-05-30 23:53:18,521  root   INFO  spf上传了课件.zip文件 File:<FtpServer.py line 122>
2018-05-30 23:53:36,994  root   INFO  spf登录成功 File:<FtpServer.py line 33>
2018-05-30 23:53:42,945  root   INFO  spf上传了课件.zip文件 File:<FtpServer.py line 122>
